[    68.663] (--) Log file renamed from "/home/sergio/.local/share/xorg/Xorg.pid-2888.log" to "/home/sergio/.local/share/xorg/Xorg.0.log"
[    68.663] 
X.Org X Server 1.20.8
X Protocol Version 11, Revision 0
[    68.663] Build Operating System: Linux 5.4.0-135-generic x86_64 Ubuntu
[    68.663] Current Operating System: Linux maria-VirtualBox 5.4.0-137-generic #154~18.04.1-Ubuntu SMP Tue Jan 10 16:58:20 UTC 2023 x86_64
[    68.663] Kernel command line: BOOT_IMAGE=/boot/vmlinuz-5.4.0-137-generic root=UUID=c67ab196-1c40-44e1-856f-8e187a0f6949 ro quiet splash
[    68.663] Build Date: 07 December 2022  02:15:34PM
[    68.663] xorg-server-hwe-18.04 2:1.20.8-2ubuntu2.2~18.04.9 (For technical support please see http://www.ubuntu.com/support) 
[    68.663] Current version of pixman: 0.34.0
[    68.663] 	Before reporting problems, check http://wiki.x.org
	to make sure that you have the latest version.
[    68.663] Markers: (--) probed, (**) from config file, (==) default setting,
	(++) from command line, (!!) notice, (II) informational,
	(WW) warning, (EE) error, (NI) not implemented, (??) unknown.
[    68.663] (==) Log file: "/home/sergio/.local/share/xorg/Xorg.0.log", Time: Mon May 22 11:15:40 2023
[    68.682] (==) Using system config directory "/usr/share/X11/xorg.conf.d"
[    68.699] (==) No Layout section.  Using the first Screen section.
[    68.699] (==) No screen section available. Using defaults.
[    68.699] (**) |-->Screen "Default Screen Section" (0)
[    68.699] (**) |   |-->Monitor "<default monitor>"
[    68.714] (==) No monitor specified for screen "Default Screen Section".
	Using a default monitor configuration.
[    68.714] (==) Automatically adding devices
[    68.714] (==) Automatically enabling devices
[    68.714] (==) Automatically adding GPU devices
[    68.714] (==) Automatically binding GPU devices
[    68.714] (==) Max clients allowed: 256, resource mask: 0x1fffff
[    68.714] (WW) The directory "/usr/share/fonts/X11/cyrillic" does not exist.
[    68.714] 	Entry deleted from font path.
[    68.714] (WW) The directory "/usr/share/fonts/X11/100dpi/" does not exist.
[    68.714] 	Entry deleted from font path.
[    68.714] (WW) The directory "/usr/share/fonts/X11/75dpi/" does not exist.
[    68.714] 	Entry deleted from font path.
[    68.714] (WW) The directory "/usr/share/fonts/X11/100dpi" does not exist.
[    68.714] 	Entry deleted from font path.
[    68.714] (WW) The directory "/usr/share/fonts/X11/75dpi" does not exist.
[    68.714] 	Entry deleted from font path.
[    68.714] (==) FontPath set to:
	/usr/share/fonts/X11/misc,
	/usr/share/fonts/X11/Type1,
	built-ins
[    68.714] (==) ModulePath set to "/usr/lib/xorg/modules"
[    68.714] (II) The server relies on udev to provide the list of input devices.
	If no devices become available, reconfigure udev or disable AutoAddDevices.
[    68.714] (II) Loader magic: 0x56156c22d020
[    68.714] (II) Module ABI versions:
[    68.714] 	X.Org ANSI C Emulation: 0.4
[    68.714] 	X.Org Video Driver: 24.1
[    68.714] 	X.Org XInput driver : 24.1
[    68.714] 	X.Org Server Extension : 10.0
[    68.715] (++) using VT number 2

[    68.718] (II) systemd-logind: took control of session /org/freedesktop/login1/session/_32
[    68.718] (II) xfree86: Adding drm device (/dev/dri/card0)
[    68.719] (II) systemd-logind: got fd for /dev/dri/card0 226:0 fd 12 paused 0
[    68.720] (--) PCI:*(0@0:2:0) 15ad:0405:15ad:0405 rev 0, Mem @ 0xe0000000/134217728, 0xf0000000/2097152, I/O @ 0x0000d010/16, BIOS @ 0x????????/131072
[    68.720] (II) LoadModule: "glx"
[    68.725] (II) Loading /usr/lib/xorg/modules/extensions/libglx.so
[    68.743] (II) Module glx: vendor="X.Org Foundation"
[    68.743] 	compiled for 1.20.8, module version = 1.0.0
[    68.743] 	ABI class: X.Org Server Extension, version 10.0
[    68.743] (==) Matched vmware as autoconfigured driver 0
[    68.743] (==) Matched modesetting as autoconfigured driver 1
[    68.743] (==) Matched fbdev as autoconfigured driver 2
[    68.743] (==) Matched vesa as autoconfigured driver 3
[    68.743] (==) Assigned the driver to the xf86ConfigLayout
[    68.743] (II) LoadModule: "vmware"
[    68.743] (II) Loading /usr/lib/xorg/modules/drivers/vmware_drv.so
[    68.817] (II) Module vmware: vendor="X.Org Foundation"
[    68.817] 	compiled for 1.20.1, module version = 13.3.0
[    68.817] 	Module class: X.Org Video Driver
[    68.818] 	ABI class: X.Org Video Driver, version 24.0
[    68.818] (II) LoadModule: "modesetting"
[    68.818] (II) Loading /usr/lib/xorg/modules/drivers/modesetting_drv.so
[    68.819] (II) Module modesetting: vendor="X.Org Foundation"
[    68.819] 	compiled for 1.20.8, module version = 1.20.8
[    68.819] 	Module class: X.Org Video Driver
[    68.819] 	ABI class: X.Org Video Driver, version 24.1
[    68.819] (II) LoadModule: "fbdev"
[    68.819] (II) Loading /usr/lib/xorg/modules/drivers/fbdev_drv.so
[    68.828] (II) Module fbdev: vendor="X.Org Foundation"
[    68.828] 	compiled for 1.20.1, module version = 0.5.0
[    68.829] 	Module class: X.Org Video Driver
[    68.829] 	ABI class: X.Org Video Driver, version 24.0
[    68.829] (II) LoadModule: "vesa"
[    68.829] (II) Loading /usr/lib/xorg/modules/drivers/vesa_drv.so
[    68.829] (II) Module vesa: vendor="X.Org Foundation"
[    68.829] 	compiled for 1.20.1, module version = 2.4.0
[    68.829] 	Module class: X.Org Video Driver
[    68.830] 	ABI class: X.Org Video Driver, version 24.0
[    68.830] (II) vmware: driver for VMware SVGA: vmware0405, vmware0710
[    68.830] (II) modesetting: Driver for Modesetting Kernel Drivers: kms
[    68.830] (II) FBDEV: driver for framebuffer: fbdev
[    68.830] (II) VESA: driver for VESA chipsets: vesa
[    68.830] xf86EnableIOPorts: failed to set IOPL for I/O (Operation not permitted)
[    68.830] (WW) Falling back to old probe method for modesetting
[    68.830] (WW) Falling back to old probe method for fbdev
[    68.830] (II) Loading sub module "fbdevhw"
[    68.830] (II) LoadModule: "fbdevhw"
[    68.830] (II) Loading /usr/lib/xorg/modules/libfbdevhw.so
[    68.831] (II) Module fbdevhw: vendor="X.Org Foundation"
[    68.831] 	compiled for 1.20.8, module version = 0.0.2
[    68.831] 	ABI class: X.Org Video Driver, version 24.1
[    68.831] (EE) open /dev/fb0: Permission denied
[    68.831] (WW) VGA arbiter: cannot open kernel arbiter, no multi-card support
[    68.831] (II) vmware(0): Creating default Display subsection in Screen section
	"Default Screen Section" for depth/fbbpp 24/32
[    68.831] (--) vmware(0): DRM driver version is 2.15.0
[    68.831] (==) vmware(0): Depth 24, (--) framebuffer bpp 32
[    68.831] (==) vmware(0): RGB weight 888
[    68.832] (==) vmware(0): Default visual is TrueColor
[    68.832] (--) vmware(0): Min width 1, Max Width 8192.
[    68.832] (--) vmware(0): Min height 1, Max Height 8192.
[    68.832] (II) vmware(0): Output Virtual1 has no monitor section
[    68.832] (II) vmware(0): Output Virtual2 has no monitor section
[    68.832] (II) vmware(0): Output Virtual3 has no monitor section
[    68.832] (II) vmware(0): Output Virtual4 has no monitor section
[    68.832] (II) vmware(0): Output Virtual5 has no monitor section
[    68.832] (II) vmware(0): Output Virtual6 has no monitor section
[    68.832] (II) vmware(0): Output Virtual7 has no monitor section
[    68.832] (II) vmware(0): Output Virtual8 has no monitor section
[    68.832] (II) vmware(0): Printing probed modes for output Virtual1
[    68.833] (II) vmware(0): Modeline "800x600"x60.0   42.75  800 850 900 950  600 650 700 750 -hsync +vsync (45.0 kHz eP)
[    68.833] (II) vmware(0): Modeline "2560x1600"x60.0  348.50  2560 2752 3032 3504  1600 1603 1609 1658 -hsync +vsync (99.5 kHz e)
[    68.833] (II) vmware(0): Modeline "1920x1440"x60.0  234.00  1920 2048 2256 2600  1440 1441 1444 1500 -hsync +vsync (90.0 kHz e)
[    68.833] (II) vmware(0): Modeline "1856x1392"x60.0  218.25  1856 1952 2176 2528  1392 1393 1396 1439 -hsync +vsync (86.3 kHz e)
[    68.833] (II) vmware(0): Modeline "1792x1344"x60.0  204.75  1792 1920 2120 2448  1344 1345 1348 1394 -hsync +vsync (83.6 kHz e)
[    68.833] (II) vmware(0): Modeline "1920x1200"x59.9  193.25  1920 2056 2256 2592  1200 1203 1209 1245 -hsync +vsync (74.6 kHz e)
[    68.833] (II) vmware(0): Modeline "1600x1200"x60.0  162.00  1600 1664 1856 2160  1200 1201 1204 1250 +hsync +vsync (75.0 kHz e)
[    68.833] (II) vmware(0): Modeline "1680x1050"x60.0  146.25  1680 1784 1960 2240  1050 1053 1059 1089 -hsync +vsync (65.3 kHz e)
[    68.833] (II) vmware(0): Modeline "1400x1050"x60.0  121.75  1400 1488 1632 1864  1050 1053 1057 1089 -hsync +vsync (65.3 kHz e)
[    68.833] (II) vmware(0): Modeline "1280x1024"x60.0  108.00  1280 1328 1440 1688  1024 1025 1028 1066 +hsync +vsync (64.0 kHz e)
[    68.833] (II) vmware(0): Modeline "1440x900"x59.9  106.50  1440 1520 1672 1904  900 903 909 934 -hsync +vsync (55.9 kHz e)
[    68.833] (II) vmware(0): Modeline "1280x960"x60.0  108.00  1280 1376 1488 1800  960 961 964 1000 +hsync +vsync (60.0 kHz e)
[    68.833] (II) vmware(0): Modeline "1360x768"x60.0   85.50  1360 1424 1536 1792  768 771 777 795 +hsync +vsync (47.7 kHz e)
[    68.833] (II) vmware(0): Modeline "1280x800"x59.8   83.50  1280 1352 1480 1680  800 803 809 831 +hsync -vsync (49.7 kHz e)
[    68.833] (II) vmware(0): Modeline "1152x864"x75.0  108.00  1152 1216 1344 1600  864 865 868 900 +hsync +vsync (67.5 kHz e)
[    68.834] (II) vmware(0): Modeline "1280x768"x59.9   79.50  1280 1344 1472 1664  768 771 778 798 -hsync +vsync (47.8 kHz e)
[    68.834] (II) vmware(0): Modeline "1024x768"x60.0   65.00  1024 1048 1184 1344  768 771 777 806 -hsync -vsync (48.4 kHz e)
[    68.834] (II) vmware(0): Modeline "800x600"x60.3   40.00  800 840 968 1056  600 601 605 628 +hsync +vsync (37.9 kHz e)
[    68.834] (II) vmware(0): Modeline "640x480"x59.9   25.18  640 656 752 800  480 489 492 525 -hsync -vsync (31.5 kHz e)
[    68.834] (II) vmware(0): EDID for output Virtual2
[    68.834] (II) vmware(0): EDID for output Virtual3
[    68.834] (II) vmware(0): EDID for output Virtual4
[    68.834] (II) vmware(0): EDID for output Virtual5
[    68.834] (II) vmware(0): EDID for output Virtual6
[    68.834] (II) vmware(0): EDID for output Virtual7
[    68.834] (II) vmware(0): EDID for output Virtual8
[    68.834] (II) vmware(0): Output Virtual1 connected
[    68.834] (II) vmware(0): Output Virtual2 disconnected
[    68.834] (II) vmware(0): Output Virtual3 disconnected
[    68.834] (II) vmware(0): Output Virtual4 disconnected
[    68.834] (II) vmware(0): Output Virtual5 disconnected
[    68.834] (II) vmware(0): Output Virtual6 disconnected
[    68.834] (II) vmware(0): Output Virtual7 disconnected
[    68.834] (II) vmware(0): Output Virtual8 disconnected
[    68.834] (II) vmware(0): Using exact sizes for initial modes
[    68.834] (II) vmware(0): Output Virtual1 using initial mode 800x600 +0+0
[    68.834] (==) vmware(0): DPI set to (96, 96)
[    68.834] (==) vmware(0): Using gamma correction (1.0, 1.0, 1.0)
[    68.834] (II) Loading sub module "fb"
[    68.834] (II) LoadModule: "fb"
[    68.834] (II) Loading /usr/lib/xorg/modules/libfb.so
[    68.849] (II) Module fb: vendor="X.Org Foundation"
[    68.849] 	compiled for 1.20.8, module version = 1.0.0
[    68.849] 	ABI class: X.Org ANSI C Emulation, version 0.4
[    68.849] (II) Loading sub module "dri2"
[    68.849] (II) LoadModule: "dri2"
[    68.849] (II) Module "dri2" already built-in
[    68.849] (II) Loading sub module "dri3"
[    68.849] (II) LoadModule: "dri3"
[    68.849] (II) Module "dri3" already built-in
[    68.849] (II) UnloadModule: "modesetting"
[    68.849] (II) Unloading modesetting
[    68.849] (II) UnloadModule: "fbdev"
[    68.849] (II) Unloading fbdev
[    68.849] (II) UnloadSubModule: "fbdevhw"
[    68.849] (II) Unloading fbdevhw
[    68.849] (II) UnloadModule: "vesa"
[    68.849] (II) Unloading vesa
[    68.852] (II) vmware(0): Initialized VMWARE_CTRL extension version 0.2
[    68.874] (WW) vmware(0): Failed to initialize Gallium3D Xa. No render acceleration available.
[    68.874] (WW) vmware(0): Skipped initialization of direct rendering due to lack of render acceleration.
[    68.874] (--) vmware(0): Render acceleration is disabled.
[    68.874] (==) vmware(0): Rendercheck mode is disabled.
[    68.874] (--) vmware(0): Direct rendering (DRI2 3D) is disabled.
[    68.874] (--) vmware(0): Direct rendering (DRI3 3D) is disabled.
[    68.874] (==) vmware(0): Backing store enabled
[    68.875] (==) vmware(0): Silken mouse enabled
[    68.876] (==) vmware(0): DPMS enabled
[    68.876] (II) vmware(0): No 3D acceleration. Not setting up textured video.
[    68.876] (WW) vmware(0): Disabling Xv because no adaptors could be initialized.
[    68.876] (II) Initializing extension Generic Event Extension
[    68.876] (II) Initializing extension SHAPE
[    68.876] (II) Initializing extension MIT-SHM
[    68.876] (II) Initializing extension XInputExtension
[    68.877] (II) Initializing extension XTEST
[    68.877] (II) Initializing extension BIG-REQUESTS
[    68.877] (II) Initializing extension SYNC
[    68.877] (II) Initializing extension XKEYBOARD
[    68.877] (II) Initializing extension XC-MISC
[    68.877] (II) Initializing extension SECURITY
[    68.877] (II) Initializing extension XFIXES
[    68.878] (II) Initializing extension RENDER
[    68.878] (II) Initializing extension RANDR
[    68.878] (II) Initializing extension COMPOSITE
[    68.878] (II) Initializing extension DAMAGE
[    68.878] (II) Initializing extension MIT-SCREEN-SAVER
[    68.878] (II) Initializing extension DOUBLE-BUFFER
[    68.878] (II) Initializing extension RECORD
[    68.879] (II) Initializing extension DPMS
[    68.879] (II) Initializing extension Present
[    68.879] (II) Initializing extension DRI3
[    68.879] (II) Initializing extension X-Resource
[    68.879] (II) Initializing extension XVideo
[    68.879] (II) Initializing extension XVideo-MotionCompensation
[    68.879] (II) Initializing extension SELinux
[    68.879] (II) SELinux: Disabled on system
[    68.879] (II) Initializing extension GLX
[    68.879] (II) AIGLX: Screen 0 is not DRI2 capable
[    68.882] (II) IGLX: Loaded and initialized swrast
[    68.882] (II) GLX: Initialized DRISWRAST GL provider for screen 0
[    68.883] (II) Initializing extension XFree86-VidModeExtension
[    68.883] (II) Initializing extension XFree86-DGA
[    68.883] (II) Initializing extension XFree86-DRI
[    68.883] (II) Initializing extension DRI2
[    68.885] (II) vmware(0): Setting screen physical size to 211 x 158
[    68.905] (II) config/udev: Adding input device Power Button (/dev/input/event0)
[    68.905] (**) Power Button: Applying InputClass "libinput keyboard catchall"
[    68.905] (II) LoadModule: "libinput"
[    68.905] (II) Loading /usr/lib/xorg/modules/input/libinput_drv.so
[    68.909] (II) Module libinput: vendor="X.Org Foundation"
[    68.909] 	compiled for 1.20.1, module version = 0.28.1
[    68.909] 	Module class: X.Org XInput Driver
[    68.909] 	ABI class: X.Org XInput driver, version 24.1
[    68.909] (II) Using input driver 'libinput' for 'Power Button'
[    68.910] (II) systemd-logind: got fd for /dev/input/event0 13:64 fd 20 paused 0
[    68.910] (**) Power Button: always reports core events
[    68.910] (**) Option "Device" "/dev/input/event0"
[    68.910] (**) Option "_source" "server/udev"
[    68.911] (II) event0  - Power Button: is tagged by udev as: Keyboard
[    68.911] (II) event0  - Power Button: device is a keyboard
[    68.911] (II) event0  - Power Button: device removed
[    68.911] (**) Option "config_info" "udev:/sys/devices/LNXSYSTM:00/LNXPWRBN:00/input/input0/event0"
[    68.911] (II) XINPUT: Adding extended input device "Power Button" (type: KEYBOARD, id 6)
[    68.911] (**) Option "xkb_model" "pc105"
[    68.912] (**) Option "xkb_layout" "es"
[    68.922] (II) event0  - Power Button: is tagged by udev as: Keyboard
[    68.922] (II) event0  - Power Button: device is a keyboard
[    68.922] (II) config/udev: Adding input device Sleep Button (/dev/input/event1)
[    68.922] (**) Sleep Button: Applying InputClass "libinput keyboard catchall"
[    68.922] (II) Using input driver 'libinput' for 'Sleep Button'
[    68.923] (II) systemd-logind: got fd for /dev/input/event1 13:65 fd 23 paused 0
[    68.923] (**) Sleep Button: always reports core events
[    68.923] (**) Option "Device" "/dev/input/event1"
[    68.923] (**) Option "_source" "server/udev"
[    68.923] (II) event1  - Sleep Button: is tagged by udev as: Keyboard
[    68.924] (II) event1  - Sleep Button: device is a keyboard
[    68.924] (II) event1  - Sleep Button: device removed
[    68.924] (**) Option "config_info" "udev:/sys/devices/LNXSYSTM:00/LNXSLPBN:00/input/input1/event1"
[    68.924] (II) XINPUT: Adding extended input device "Sleep Button" (type: KEYBOARD, id 7)
[    68.924] (**) Option "xkb_model" "pc105"
[    68.924] (**) Option "xkb_layout" "es"
[    68.924] (II) event1  - Sleep Button: is tagged by udev as: Keyboard
[    68.924] (II) event1  - Sleep Button: device is a keyboard
[    68.925] (II) config/udev: Adding input device Video Bus (/dev/input/event3)
[    68.925] (**) Video Bus: Applying InputClass "libinput keyboard catchall"
[    68.925] (II) Using input driver 'libinput' for 'Video Bus'
[    68.925] (II) systemd-logind: got fd for /dev/input/event3 13:67 fd 24 paused 0
[    68.926] (**) Video Bus: always reports core events
[    68.926] (**) Option "Device" "/dev/input/event3"
[    68.926] (**) Option "_source" "server/udev"
[    68.926] (II) event3  - Video Bus: is tagged by udev as: Keyboard
[    68.926] (II) event3  - Video Bus: device is a keyboard
[    68.926] (II) event3  - Video Bus: device removed
[    68.926] (**) Option "config_info" "udev:/sys/devices/LNXSYSTM:00/LNXSYBUS:00/PNP0A03:00/LNXVIDEO:00/input/input4/event3"
[    68.926] (II) XINPUT: Adding extended input device "Video Bus" (type: KEYBOARD, id 8)
[    68.926] (**) Option "xkb_model" "pc105"
[    68.926] (**) Option "xkb_layout" "es"
[    68.927] (II) event3  - Video Bus: is tagged by udev as: Keyboard
[    68.927] (II) event3  - Video Bus: device is a keyboard
[    68.927] (II) config/udev: Adding input device VirtualBox mouse integration (/dev/input/event6)
[    68.928] (**) VirtualBox mouse integration: Applying InputClass "libinput pointer catchall"
[    68.928] (II) Using input driver 'libinput' for 'VirtualBox mouse integration'
[    68.929] (II) systemd-logind: got fd for /dev/input/event6 13:70 fd 25 paused 0
[    68.929] (**) VirtualBox mouse integration: always reports core events
[    68.929] (**) Option "Device" "/dev/input/event6"
[    68.929] (**) Option "_source" "server/udev"
[    68.930] (II) event6  - VirtualBox mouse integration: is tagged by udev as: Mouse
[    68.930] (II) event6  - VirtualBox mouse integration: device is a pointer
[    68.930] (II) event6  - VirtualBox mouse integration: device removed
[    68.930] (**) Option "config_info" "udev:/sys/devices/pci0000:00/0000:00:04.0/input/input7/event6"
[    68.931] (II) XINPUT: Adding extended input device "VirtualBox mouse integration" (type: MOUSE, id 9)
[    68.931] (**) Option "AccelerationScheme" "none"
[    68.931] (**) VirtualBox mouse integration: (accel) selected scheme none/0
[    68.931] (**) VirtualBox mouse integration: (accel) acceleration factor: 2.000
[    68.931] (**) VirtualBox mouse integration: (accel) acceleration threshold: 4
[    68.931] (II) event6  - VirtualBox mouse integration: is tagged by udev as: Mouse
[    68.931] (II) event6  - VirtualBox mouse integration: device is a pointer
[    68.931] (II) config/udev: Adding input device VirtualBox mouse integration (/dev/input/js1)
[    68.931] (II) No input driver specified, ignoring this device.
[    68.931] (II) This device may have been added with another device file.
[    68.932] (II) config/udev: Adding input device VirtualBox USB Tablet (/dev/input/event5)
[    68.932] (**) VirtualBox USB Tablet: Applying InputClass "libinput pointer catchall"
[    68.932] (II) Using input driver 'libinput' for 'VirtualBox USB Tablet'
[    68.990] (II) systemd-logind: got fd for /dev/input/event5 13:69 fd 26 paused 0
[    68.990] (**) VirtualBox USB Tablet: always reports core events
[    68.990] (**) Option "Device" "/dev/input/event5"
[    68.990] (**) Option "_source" "server/udev"
[    68.990] (II) event5  - VirtualBox USB Tablet: is tagged by udev as: Mouse
[    68.990] (II) event5  - VirtualBox USB Tablet: device is a pointer
[    68.990] (II) event5  - VirtualBox USB Tablet: device removed
[    68.990] (**) Option "config_info" "udev:/sys/devices/pci0000:00/0000:00:06.0/usb2/2-1/2-1:1.0/0003:80EE:0021.0001/input/input6/event5"
[    68.990] (II) XINPUT: Adding extended input device "VirtualBox USB Tablet" (type: MOUSE, id 10)
[    68.990] (**) Option "AccelerationScheme" "none"
[    68.990] (**) VirtualBox USB Tablet: (accel) selected scheme none/0
[    68.990] (**) VirtualBox USB Tablet: (accel) acceleration factor: 2.000
[    68.990] (**) VirtualBox USB Tablet: (accel) acceleration threshold: 4
[    68.990] (II) event5  - VirtualBox USB Tablet: is tagged by udev as: Mouse
[    68.990] (II) event5  - VirtualBox USB Tablet: device is a pointer
[    68.991] (II) config/udev: Adding input device VirtualBox USB Tablet (/dev/input/js0)
[    68.991] (II) No input driver specified, ignoring this device.
[    68.991] (II) This device may have been added with another device file.
[    68.991] (II) config/udev: Adding input device VirtualBox USB Tablet (/dev/input/mouse1)
[    68.991] (II) No input driver specified, ignoring this device.
[    68.991] (II) This device may have been added with another device file.
[    68.991] (II) config/udev: Adding input device AT Translated Set 2 keyboard (/dev/input/event2)
[    68.991] (**) AT Translated Set 2 keyboard: Applying InputClass "libinput keyboard catchall"
[    68.991] (II) Using input driver 'libinput' for 'AT Translated Set 2 keyboard'
[    68.992] (II) systemd-logind: got fd for /dev/input/event2 13:66 fd 27 paused 0
[    68.992] (**) AT Translated Set 2 keyboard: always reports core events
[    68.992] (**) Option "Device" "/dev/input/event2"
[    68.992] (**) Option "_source" "server/udev"
[    68.992] (II) event2  - AT Translated Set 2 keyboard: is tagged by udev as: Keyboard
[    68.992] (II) event2  - AT Translated Set 2 keyboard: device is a keyboard
[    68.992] (II) event2  - AT Translated Set 2 keyboard: device removed
[    68.992] (**) Option "config_info" "udev:/sys/devices/platform/i8042/serio0/input/input2/event2"
[    68.992] (II) XINPUT: Adding extended input device "AT Translated Set 2 keyboard" (type: KEYBOARD, id 11)
[    68.992] (**) Option "xkb_model" "pc105"
[    68.992] (**) Option "xkb_layout" "es"
[    68.993] (II) event2  - AT Translated Set 2 keyboard: is tagged by udev as: Keyboard
[    68.993] (II) event2  - AT Translated Set 2 keyboard: device is a keyboard
[    68.993] (II) config/udev: Adding input device ImExPS/2 Generic Explorer Mouse (/dev/input/event4)
[    68.993] (**) ImExPS/2 Generic Explorer Mouse: Applying InputClass "libinput pointer catchall"
[    68.993] (II) Using input driver 'libinput' for 'ImExPS/2 Generic Explorer Mouse'
[    68.994] (II) systemd-logind: got fd for /dev/input/event4 13:68 fd 28 paused 0
[    68.994] (**) ImExPS/2 Generic Explorer Mouse: always reports core events
[    68.994] (**) Option "Device" "/dev/input/event4"
[    68.994] (**) Option "_source" "server/udev"
[    68.995] (II) event4  - ImExPS/2 Generic Explorer Mouse: is tagged by udev as: Mouse
[    68.995] (II) event4  - ImExPS/2 Generic Explorer Mouse: device is a pointer
[    68.995] (II) event4  - ImExPS/2 Generic Explorer Mouse: device removed
[    68.995] (**) Option "config_info" "udev:/sys/devices/platform/i8042/serio1/input/input5/event4"
[    68.995] (II) XINPUT: Adding extended input device "ImExPS/2 Generic Explorer Mouse" (type: MOUSE, id 12)
[    68.995] (**) Option "AccelerationScheme" "none"
[    68.995] (**) ImExPS/2 Generic Explorer Mouse: (accel) selected scheme none/0
[    68.995] (**) ImExPS/2 Generic Explorer Mouse: (accel) acceleration factor: 2.000
[    68.995] (**) ImExPS/2 Generic Explorer Mouse: (accel) acceleration threshold: 4
[    68.995] (II) event4  - ImExPS/2 Generic Explorer Mouse: is tagged by udev as: Mouse
[    68.995] (II) event4  - ImExPS/2 Generic Explorer Mouse: device is a pointer
[    68.995] (II) config/udev: Adding input device ImExPS/2 Generic Explorer Mouse (/dev/input/mouse0)
[    68.995] (II) No input driver specified, ignoring this device.
[    68.995] (II) This device may have been added with another device file.
